<?xml version="1.0" encoding="UTF-8"?>
<TestRun id="a62e1ee9-ba20-4e9a-b388-e279e343df77" name="lenovo@ERIC 2012-06-10 16:02:45" runUser="ERIC\lenovo" xmlns="http://microsoft.com/schemas/VisualStudio/TeamTest/2010">
  <TestSettings name="Local" id="497acf1d-5ecb-4f01-9592-25ba0bb21525">
    <Description>These are default test settings for a local test run.</Description>
    <Deployment enabled="false" runDeploymentRoot="lenovo_ERIC 2012-06-10 16_02_45" />
    <Execution>
      <TestTypeSpecific />
      <AgentRule name="Execution Agents">
      </AgentRule>
    </Execution>
  </TestSettings>
  <Times creation="2012-06-10T16:02:45.6403690+08:00" queuing="2012-06-10T16:02:57.4170425+08:00" start="2012-06-10T16:02:58.0490787+08:00" finish="2012-06-10T16:03:03.2753776+08:00" />
  <ResultSummary outcome="Completed">
    <Counters total="1" executed="1" passed="1" error="0" failed="0" timeout="0" aborted="0" inconclusive="0" passedButRunAborted="0" notRunnable="0" notExecuted="0" disconnected="0" warning="0" completed="0" inProgress="0" pending="0" />
  </ResultSummary>
  <TestDefinitions>
    <UnitTest name="TestMethod1" storage="d:\mydocument\大一下学习\ai-fiar\projects\第三届轮式综合比赛5v5模板_new\newneu_robot_soccer_09s\release\defaulttest.dll" id="59863143-3238-122e-4d8a-637b491cc755">
      <Execution id="c40620b3-fff5-4431-a7e8-f354a7af5f02" />
      <TestMethod codeBase="D:/myDocument/大一下学习/AI-FIAR/projects/第三届轮式综合比赛5V5模板_new/NewNEU_Robot_Soccer_09S/Release/DefaultTest.DLL" adapterTypeName="Microsoft.VisualStudio.TestTools.TestTypes.Unit.UnitTestAdapter, Microsoft.VisualStudio.QualityTools.Tips.UnitTest.Adapter, Version=10.0.0.0, Culture=neutral, PublicKeyToken=b03f5f7f11d50a3a" className="TestProject1.UnitTest1, DefaultTest, Version=1.0.4544.28880, Culture=neutral, PublicKeyToken=null" name="TestMethod1" />
    </UnitTest>
  </TestDefinitions>
  <TestLists>
    <TestList name="Results Not in a List" id="8c84fa94-04c1-424b-9868-57a2d4851a1d" />
    <TestList name="All Loaded Results" id="19431567-8539-422a-85d7-44ee4e166bda" />
  </TestLists>
  <TestEntries>
    <TestEntry testId="59863143-3238-122e-4d8a-637b491cc755" executionId="c40620b3-fff5-4431-a7e8-f354a7af5f02" testListId="8c84fa94-04c1-424b-9868-57a2d4851a1d" />
  </TestEntries>
  <Results>
    <UnitTestResult executionId="c40620b3-fff5-4431-a7e8-f354a7af5f02" testId="59863143-3238-122e-4d8a-637b491cc755" testName="TestMethod1" computerName="ERIC" duration="00:00:00.0545573" startTime="2012-06-10T16:02:58.2990930+08:00" endTime="2012-06-10T16:03:01.8642969+08:00" testType="13cdc9d9-ddb5-4fa4-a97d-d965ccfc6d4b" outcome="Passed" testListId="8c84fa94-04c1-424b-9868-57a2d4851a1d" relativeResultsDirectory="c40620b3-fff5-4431-a7e8-f354a7af5f02">
    </UnitTestResult>
  </Results>
</TestRun>